app/build/intermediates/manifest_merge_blame_file/debug/manifest-merger-blame-debug-report.txt
1<?xml version="1.0" encoding="utf-8"?>
2<manifest xmlns:android="http://schemas.android.com/apk/res/android"
3    package="com.example.smartshelterapp"
4    android:versionCode="1"
5    android:versionName="1.0" >
6
7    <uses-sdk
8        android:minSdkVersion="24"
9        android:targetSdkVersion="34" />
10
11    <uses-permission android:name="android.permission.INTERNET" />
11-->src\main\AndroidManifest.xml:57:5-67
11-->src\main\AndroidManifest.xml:57:22-64
12
13    <!-- Include required permissions for Google Maps API to run. -->
14    <uses-permission android:name="android.permission.ACCESS_NETWORK_STATE" />
14-->[com.google.android.gms:play-services-maps:18.1.0] AndroidManifest.xml:23:5-79
14-->[com.google.android.gms:play-services-maps:18.1.0] AndroidManifest.xml:23:22-76
15
16    <uses-feature
16-->[com.google.android.gms:play-services-maps:18.1.0] AndroidManifest.xml:26:5-28:35
17        android:glEsVersion="0x00020000"
17-->[com.google.android.gms:play-services-maps:18.1.0] AndroidManifest.xml:27:9-41
18        android:required="true" />
18-->[com.google.android.gms:play-services-maps:18.1.0] AndroidManifest.xml:28:9-32
19
20    <queries>
20-->[com.google.android.gms:play-services-maps:18.1.0] AndroidManifest.xml:30:5-34:15
21
22        <!-- Needs to be explicitly declared on Android R+ -->
23        <package android:name="com.google.android.apps.maps" />
23-->[com.google.android.gms:play-services-maps:18.1.0] AndroidManifest.xml:33:9-64
23-->[com.google.android.gms:play-services-maps:18.1.0] AndroidManifest.xml:33:18-61
24    </queries>
25
26    <permission
26-->[androidx.core:core:1.9.0] AndroidManifest.xml:22:5-24:47
27        android:name="com.example.smartshelterapp.DYNAMIC_RECEIVER_NOT_EXPORTED_PERMISSION"
27-->[androidx.core:core:1.9.0] AndroidManifest.xml:23:9-81
28        android:protectionLevel="signature" />
28-->[androidx.core:core:1.9.0] AndroidManifest.xml:24:9-44
29
30    <uses-permission android:name="com.example.smartshelterapp.DYNAMIC_RECEIVER_NOT_EXPORTED_PERMISSION" />
30-->[androidx.core:core:1.9.0] AndroidManifest.xml:26:5-97
30-->[androidx.core:core:1.9.0] AndroidManifest.xml:26:22-94
31
32    <application
32-->src\main\AndroidManifest.xml:5:5-56:19
33        android:allowBackup="true"
33-->src\main\AndroidManifest.xml:6:9-35
34        android:appComponentFactory="androidx.core.app.CoreComponentFactory"
34-->[androidx.core:core:1.9.0] AndroidManifest.xml:28:18-86
35        android:dataExtractionRules="@xml/data_extraction_rules"
35-->src\main\AndroidManifest.xml:7:9-65
36        android:debuggable="true"
37        android:extractNativeLibs="false"
38        android:fullBackupContent="@xml/backup_rules"
38-->src\main\AndroidManifest.xml:8:9-54
39        android:icon="@mipmap/ic_launcher"
39-->src\main\AndroidManifest.xml:9:9-43
40        android:label="@string/app_name"
40-->src\main\AndroidManifest.xml:10:9-41
41        android:roundIcon="@mipmap/ic_launcher_round"
41-->src\main\AndroidManifest.xml:11:9-54
42        android:supportsRtl="true"
42-->src\main\AndroidManifest.xml:12:9-35
43        android:testOnly="true"
44        android:theme="@style/Theme.SmartShelterApp" >
44-->src\main\AndroidManifest.xml:13:9-53
45
46        <!--
47             TODO: Before you run your application, you need a Google Maps API key.
48
49             To get one, follow the directions here:
50
51                https://developers.google.com/maps/documentation/android-sdk/get-api-key
52
53             Once you have your API key (it starts with "AIza"), define a new property in your
54             project's local.properties file (e.g. MAPS_API_KEY=Aiza...), and replace the
55             "YOUR_API_KEY" string in this file with "${MAPS_API_KEY}".
56        -->
57        <meta-data
57-->src\main\AndroidManifest.xml:27:9-29:59
58            android:name="com.google.android.geo.API_KEY"
58-->src\main\AndroidManifest.xml:28:13-58
59            android:value="@string/google_maps_api_key" />
59-->src\main\AndroidManifest.xml:29:13-56
60
61        <activity
61-->src\main\AndroidManifest.xml:36:9-39:59
62            android:name="com.example.smartshelterapp.MapsActivity"
62-->src\main\AndroidManifest.xml:37:13-41
63            android:exported="false"
63-->src\main\AndroidManifest.xml:38:13-37
64            android:label="@string/title_activity_maps" />
64-->src\main\AndroidManifest.xml:39:13-56
65        <activity
65-->src\main\AndroidManifest.xml:40:9-42:40
66            android:name="com.example.smartshelterapp.SignUpActivity"
66-->src\main\AndroidManifest.xml:41:13-43
67            android:exported="false" />
67-->src\main\AndroidManifest.xml:42:13-37
68        <activity
68-->src\main\AndroidManifest.xml:44:9-46:40
69            android:name="com.example.smartshelterapp.LoginActivity"
69-->src\main\AndroidManifest.xml:45:13-42
70            android:exported="false" />
70-->src\main\AndroidManifest.xml:46:13-37
71        <activity
71-->src\main\AndroidManifest.xml:47:9-55:20
72            android:name="com.example.smartshelterapp.MainActivity"
72-->src\main\AndroidManifest.xml:48:13-41
73            android:exported="true" >
73-->src\main\AndroidManifest.xml:49:13-36
74            <intent-filter>
74-->src\main\AndroidManifest.xml:50:13-54:29
75                <action android:name="android.intent.action.MAIN" />
75-->src\main\AndroidManifest.xml:51:17-69
75-->src\main\AndroidManifest.xml:51:25-66
76
77                <category android:name="android.intent.category.LAUNCHER" />
77-->src\main\AndroidManifest.xml:53:17-77
77-->src\main\AndroidManifest.xml:53:27-74
78            </intent-filter>
79        </activity>
80        <!-- Needs to be explicitly declared on P+ -->
81        <uses-library
81-->[com.google.android.gms:play-services-maps:18.1.0] AndroidManifest.xml:39:9-41:40
82            android:name="org.apache.http.legacy"
82-->[com.google.android.gms:play-services-maps:18.1.0] AndroidManifest.xml:40:13-50
83            android:required="false" />
83-->[com.google.android.gms:play-services-maps:18.1.0] AndroidManifest.xml:41:13-37
84
85        <service
85-->[com.google.firebase:firebase-database:20.3.1] AndroidManifest.xml:26:9-35:19
86            android:name="com.google.firebase.components.ComponentDiscoveryService"
86-->[com.google.firebase:firebase-database:20.3.1] AndroidManifest.xml:27:13-84
87            android:directBootAware="true"
87-->[com.google.firebase:firebase-common:20.4.2] AndroidManifest.xml:32:13-43
88            android:exported="false" >
88-->[com.google.firebase:firebase-database:20.3.1] AndroidManifest.xml:28:13-37
89            <meta-data
89-->[com.google.firebase:firebase-database:20.3.1] AndroidManifest.xml:29:13-31:85
90                android:name="com.google.firebase.components:com.google.firebase.database.FirebaseDatabaseKtxRegistrar"
90-->[com.google.firebase:firebase-database:20.3.1] AndroidManifest.xml:30:17-120
91                android:value="com.google.firebase.components.ComponentRegistrar" />
91-->[com.google.firebase:firebase-database:20.3.1] AndroidManifest.xml:31:17-82
92            <meta-data
92-->[com.google.firebase:firebase-database:20.3.1] AndroidManifest.xml:32:13-34:85
93                android:name="com.google.firebase.components:com.google.firebase.database.DatabaseRegistrar"
93-->[com.google.firebase:firebase-database:20.3.1] AndroidManifest.xml:33:17-109
94                android:value="com.google.firebase.components.ComponentRegistrar" />
94-->[com.google.firebase:firebase-database:20.3.1] AndroidManifest.xml:34:17-82
95            <meta-data
95-->[com.google.firebase:firebase-common-ktx:20.4.2] AndroidManifest.xml:12:13-14:85
96                android:name="com.google.firebase.components:com.google.firebase.ktx.FirebaseCommonLegacyRegistrar"
96-->[com.google.firebase:firebase-common-ktx:20.4.2] AndroidManifest.xml:13:17-116
97                android:value="com.google.firebase.components.ComponentRegistrar" />
97-->[com.google.firebase:firebase-common-ktx:20.4.2] AndroidManifest.xml:14:17-82
98            <meta-data
98-->[com.google.firebase:firebase-common:20.4.2] AndroidManifest.xml:35:13-37:85
99                android:name="com.google.firebase.components:com.google.firebase.FirebaseCommonKtxRegistrar"
99-->[com.google.firebase:firebase-common:20.4.2] AndroidManifest.xml:36:17-109
100                android:value="com.google.firebase.components.ComponentRegistrar" />
100-->[com.google.firebase:firebase-common:20.4.2] AndroidManifest.xml:37:17-82
101        </service>
102
103        <activity
103-->[com.google.android.gms:play-services-base:18.1.0] AndroidManifest.xml:20:9-22:45
104            android:name="com.google.android.gms.common.api.GoogleApiActivity"
104-->[com.google.android.gms:play-services-base:18.1.0] AndroidManifest.xml:20:19-85
105            android:exported="false"
105-->[com.google.android.gms:play-services-base:18.1.0] AndroidManifest.xml:22:19-43
106            android:theme="@android:style/Theme.Translucent.NoTitleBar" />
106-->[com.google.android.gms:play-services-base:18.1.0] AndroidManifest.xml:21:19-78
107
108        <provider
108-->[com.google.firebase:firebase-common:20.4.2] AndroidManifest.xml:23:9-28:39
109            android:name="com.google.firebase.provider.FirebaseInitProvider"
109-->[com.google.firebase:firebase-common:20.4.2] AndroidManifest.xml:24:13-77
110            android:authorities="com.example.smartshelterapp.firebaseinitprovider"
110-->[com.google.firebase:firebase-common:20.4.2] AndroidManifest.xml:25:13-72
111            android:directBootAware="true"
111-->[com.google.firebase:firebase-common:20.4.2] AndroidManifest.xml:26:13-43
112            android:exported="false"
112-->[com.google.firebase:firebase-common:20.4.2] AndroidManifest.xml:27:13-37
113            android:initOrder="100" />
113-->[com.google.firebase:firebase-common:20.4.2] AndroidManifest.xml:28:13-36
114        <provider
114-->[androidx.emoji2:emoji2:1.2.0] AndroidManifest.xml:24:9-32:20
115            android:name="androidx.startup.InitializationProvider"
115-->[androidx.emoji2:emoji2:1.2.0] AndroidManifest.xml:25:13-67
116            android:authorities="com.example.smartshelterapp.androidx-startup"
116-->[androidx.emoji2:emoji2:1.2.0] AndroidManifest.xml:26:13-68
117            android:exported="false" >
117-->[androidx.emoji2:emoji2:1.2.0] AndroidManifest.xml:27:13-37
118            <meta-data
118-->[androidx.emoji2:emoji2:1.2.0] AndroidManifest.xml:29:13-31:52
119                android:name="androidx.emoji2.text.EmojiCompatInitializer"
119-->[androidx.emoji2:emoji2:1.2.0] AndroidManifest.xml:30:17-75
120                android:value="androidx.startup" />
120-->[androidx.emoji2:emoji2:1.2.0] AndroidManifest.xml:31:17-49
121            <meta-data
121-->[androidx.lifecycle:lifecycle-process:2.6.1] AndroidManifest.xml:29:13-31:52
122                android:name="androidx.lifecycle.ProcessLifecycleInitializer"
122-->[androidx.lifecycle:lifecycle-process:2.6.1] AndroidManifest.xml:30:17-78
123                android:value="androidx.startup" />
123-->[androidx.lifecycle:lifecycle-process:2.6.1] AndroidManifest.xml:31:17-49
124            <meta-data
124-->[androidx.profileinstaller:profileinstaller:1.3.0] AndroidManifest.xml:29:13-31:52
125                android:name="androidx.profileinstaller.ProfileInstallerInitializer"
125-->[androidx.profileinstaller:profileinstaller:1.3.0] AndroidManifest.xml:30:17-85
126                android:value="androidx.startup" />
126-->[androidx.profileinstaller:profileinstaller:1.3.0] AndroidManifest.xml:31:17-49
127        </provider>
128
129        <meta-data
129-->[com.google.android.gms:play-services-basement:18.3.0] AndroidManifest.xml:21:9-23:69
130            android:name="com.google.android.gms.version"
130-->[com.google.android.gms:play-services-basement:18.3.0] AndroidManifest.xml:22:13-58
131            android:value="@integer/google_play_services_version" />
131-->[com.google.android.gms:play-services-basement:18.3.0] AndroidManifest.xml:23:13-66
132
133        <receiver
133-->[androidx.profileinstaller:profileinstaller:1.3.0] AndroidManifest.xml:34:9-52:20
134            android:name="androidx.profileinstaller.ProfileInstallReceiver"
134-->[androidx.profileinstaller:profileinstaller:1.3.0] AndroidManifest.xml:35:13-76
135            android:directBootAware="false"
135-->[androidx.profileinstaller:profileinstaller:1.3.0] AndroidManifest.xml:36:13-44
136            android:enabled="true"
136-->[androidx.profileinstaller:profileinstaller:1.3.0] AndroidManifest.xml:37:13-35
137            android:exported="true"
137-->[androidx.profileinstaller:profileinstaller:1.3.0] AndroidManifest.xml:38:13-36
138            android:permission="android.permission.DUMP" >
138-->[androidx.profileinstaller:profileinstaller:1.3.0] AndroidManifest.xml:39:13-57
139            <intent-filter>
139-->[androidx.profileinstaller:profileinstaller:1.3.0] AndroidManifest.xml:40:13-42:29
140                <action android:name="androidx.profileinstaller.action.INSTALL_PROFILE" />
140-->[androidx.profileinstaller:profileinstaller:1.3.0] AndroidManifest.xml:41:17-91
140-->[androidx.profileinstaller:profileinstaller:1.3.0] AndroidManifest.xml:41:25-88
141            </intent-filter>
142            <intent-filter>
142-->[androidx.profileinstaller:profileinstaller:1.3.0] AndroidManifest.xml:43:13-45:29
143                <action android:name="androidx.profileinstaller.action.SKIP_FILE" />
143-->[androidx.profileinstaller:profileinstaller:1.3.0] AndroidManifest.xml:44:17-85
143-->[androidx.profileinstaller:profileinstaller:1.3.0] AndroidManifest.xml:44:25-82
144            </intent-filter>
145            <intent-filter>
145-->[androidx.profileinstaller:profileinstaller:1.3.0] AndroidManifest.xml:46:13-48:29
146                <action android:name="androidx.profileinstaller.action.SAVE_PROFILE" />
146-->[androidx.profileinstaller:profileinstaller:1.3.0] AndroidManifest.xml:47:17-88
146-->[androidx.profileinstaller:profileinstaller:1.3.0] AndroidManifest.xml:47:25-85
147            </intent-filter>
148            <intent-filter>
148-->[androidx.profileinstaller:profileinstaller:1.3.0] AndroidManifest.xml:49:13-51:29
149                <action android:name="androidx.profileinstaller.action.BENCHMARK_OPERATION" />
149-->[androidx.profileinstaller:profileinstaller:1.3.0] AndroidManifest.xml:50:17-95
149-->[androidx.profileinstaller:profileinstaller:1.3.0] AndroidManifest.xml:50:25-92
150            </intent-filter>
151        </receiver>
152    </application>
153
154</manifest>